2023-10-11 10:16:12,281 +0530 [main] INFO  (BaseClass.java:62) - url opened
2023-10-11 10:30:23,132 +0530 [main] INFO  (BaseClass.java:62) - url opened
2023-10-11 10:30:27,483 +0530 [main] INFO  (BaseClass.java:65) - window maximized
2023-10-11 10:30:38,480 +0530 [main] INFO  (TC_LoginPageTest.java:22) - entered username
2023-10-11 10:30:38,639 +0530 [main] INFO  (TC_LoginPageTest.java:25) - entered password
2023-10-11 10:30:38,973 +0530 [main] INFO  (TC_LoginPageTest.java:28) - clicked login button
2023-10-11 10:30:42,330 +0530 [main] INFO  (TC_LoginPageTest.java:35) - passed
2023-10-11 10:30:42,548 +0530 [main] INFO  (TC_LoginPageTest.java:22) - entered username
2023-10-11 10:30:42,739 +0530 [main] INFO  (TC_LoginPageTest.java:25) - entered password
2023-10-11 10:30:42,849 +0530 [main] INFO  (TC_LoginPageTest.java:28) - clicked login button
2023-10-11 10:30:45,890 +0530 [main] INFO  (TC_LoginPageTest.java:35) - passed
2023-10-11 10:30:46,118 +0530 [main] INFO  (TC_LoginPageTest.java:22) - entered username
2023-10-11 10:30:46,254 +0530 [main] INFO  (TC_LoginPageTest.java:25) - entered password
2023-10-11 10:30:46,340 +0530 [main] INFO  (TC_LoginPageTest.java:28) - clicked login button
2023-10-11 10:30:49,397 +0530 [main] INFO  (TC_LoginPageTest.java:35) - passed
2023-10-11 10:55:42,882 +0530 [main] INFO  (BaseClass.java:62) - url opened
2023-10-11 10:55:43,156 +0530 [main] INFO  (BaseClass.java:65) - window maximized
2023-10-11 10:55:44,347 +0530 [main] INFO  (TC_LoginPageTest.java:52) - entered username
2023-10-11 10:55:44,495 +0530 [main] INFO  (TC_LoginPageTest.java:55) - entered password
2023-10-11 10:55:45,373 +0530 [main] INFO  (TC_LoginPageTest.java:58) - clicked login button
2023-10-11 10:55:48,590 +0530 [main] INFO  (TC_LoginPageTest.java:63) - passed
2023-10-11 10:56:25,289 +0530 [main] INFO  (BaseClass.java:62) - url opened
2023-10-11 10:56:25,441 +0530 [main] INFO  (BaseClass.java:65) - window maximized
2023-10-11 10:56:25,776 +0530 [main] INFO  (TC_LoginPageTest.java:52) - entered username
2023-10-11 10:56:25,934 +0530 [main] INFO  (TC_LoginPageTest.java:55) - entered password
2023-10-11 10:56:26,750 +0530 [main] INFO  (TC_LoginPageTest.java:58) - clicked login button
2023-10-11 10:56:29,883 +0530 [main] INFO  (TC_LoginPageTest.java:63) - passed
2023-10-11 11:32:01,005 +0530 [main] INFO  (BaseClass.java:62) - url opened
2023-10-11 11:32:01,262 +0530 [main] INFO  (BaseClass.java:65) - window maximized
2023-10-11 11:49:37,009 +0530 [main] INFO  (BaseClass.java:62) - url opened
2023-10-11 11:49:37,457 +0530 [main] INFO  (BaseClass.java:65) - window maximized
2023-10-11 11:49:38,630 +0530 [main] INFO  (TC_LoginPageTest.java:52) - entered username
2023-10-11 11:49:38,785 +0530 [main] INFO  (TC_LoginPageTest.java:55) - entered password
2023-10-11 11:49:40,234 +0530 [main] INFO  (TC_LoginPageTest.java:58) - clicked login button
2023-10-11 11:49:43,346 +0530 [main] INFO  (TC_LoginPageTest.java:63) - passed
2023-10-11 11:50:49,228 +0530 [main] INFO  (BaseClass.java:62) - url opened
2023-10-11 11:50:49,408 +0530 [main] INFO  (BaseClass.java:65) - window maximized
2023-10-11 11:50:51,979 +0530 [main] INFO  (TC_LoginPageTest.java:23) - entered username
2023-10-11 11:50:52,184 +0530 [main] INFO  (TC_LoginPageTest.java:26) - entered password
2023-10-11 11:50:52,487 +0530 [main] INFO  (TC_LoginPageTest.java:29) - clicked login button
2023-10-11 11:50:55,708 +0530 [main] INFO  (TC_LoginPageTest.java:36) - passed
2023-10-11 11:50:55,901 +0530 [main] INFO  (TC_LoginPageTest.java:23) - entered username
2023-10-11 11:50:56,064 +0530 [main] INFO  (TC_LoginPageTest.java:26) - entered password
2023-10-11 11:50:56,149 +0530 [main] INFO  (TC_LoginPageTest.java:29) - clicked login button
2023-10-11 11:50:59,190 +0530 [main] INFO  (TC_LoginPageTest.java:36) - passed
2023-10-11 11:50:59,409 +0530 [main] INFO  (TC_LoginPageTest.java:23) - entered username
2023-10-11 11:50:59,583 +0530 [main] INFO  (TC_LoginPageTest.java:26) - entered password
2023-10-11 11:50:59,706 +0530 [main] INFO  (TC_LoginPageTest.java:29) - clicked login button
2023-10-11 11:51:02,758 +0530 [main] INFO  (TC_LoginPageTest.java:36) - passed
2023-10-11 11:51:02,927 +0530 [main] INFO  (TC_LoginPageTest.java:52) - entered username
2023-10-11 11:51:03,083 +0530 [main] INFO  (TC_LoginPageTest.java:55) - entered password
2023-10-11 11:51:03,166 +0530 [main] INFO  (TC_LoginPageTest.java:58) - clicked login button
2023-10-11 11:57:10,401 +0530 [main] INFO  (BaseClass.java:62) - url opened
2023-10-11 11:57:10,540 +0530 [main] INFO  (BaseClass.java:65) - window maximized
2023-10-11 11:57:11,912 +0530 [main] INFO  (TC_LoginPageTest.java:23) - entered username
2023-10-11 11:57:12,086 +0530 [main] INFO  (TC_LoginPageTest.java:26) - entered password
2023-10-11 11:57:12,201 +0530 [main] INFO  (TC_LoginPageTest.java:29) - clicked login button
2023-10-11 11:57:15,272 +0530 [main] INFO  (TC_LoginPageTest.java:36) - passed
2023-10-11 11:57:15,698 +0530 [main] INFO  (TC_LoginPageTest.java:23) - entered username
2023-10-11 11:57:15,850 +0530 [main] INFO  (TC_LoginPageTest.java:26) - entered password
2023-10-11 11:57:15,946 +0530 [main] INFO  (TC_LoginPageTest.java:29) - clicked login button
2023-10-11 11:57:18,986 +0530 [main] INFO  (TC_LoginPageTest.java:36) - passed
2023-10-11 11:57:19,322 +0530 [main] INFO  (TC_LoginPageTest.java:23) - entered username
2023-10-11 11:57:19,463 +0530 [main] INFO  (TC_LoginPageTest.java:26) - entered password
2023-10-11 11:57:19,566 +0530 [main] INFO  (TC_LoginPageTest.java:29) - clicked login button
2023-10-11 11:57:22,608 +0530 [main] INFO  (TC_LoginPageTest.java:36) - passed
2023-10-11 11:57:22,942 +0530 [main] INFO  (TC_LoginPageTest.java:53) - entered username
2023-10-11 11:57:23,078 +0530 [main] INFO  (TC_LoginPageTest.java:56) - entered password
2023-10-11 11:57:23,159 +0530 [main] INFO  (TC_LoginPageTest.java:59) - clicked login button
2023-10-11 11:58:57,788 +0530 [main] INFO  (BaseClass.java:62) - url opened
2023-10-11 11:58:57,926 +0530 [main] INFO  (BaseClass.java:65) - window maximized
2023-10-11 11:58:59,313 +0530 [main] INFO  (TC_LoginPageTest.java:23) - entered username
2023-10-11 11:58:59,487 +0530 [main] INFO  (TC_LoginPageTest.java:26) - entered password
2023-10-11 11:58:59,601 +0530 [main] INFO  (TC_LoginPageTest.java:29) - clicked login button
2023-10-11 11:59:02,657 +0530 [main] INFO  (TC_LoginPageTest.java:36) - passed
2023-10-11 11:59:03,023 +0530 [main] INFO  (TC_LoginPageTest.java:23) - entered username
2023-10-11 11:59:03,164 +0530 [main] INFO  (TC_LoginPageTest.java:26) - entered password
2023-10-11 11:59:03,253 +0530 [main] INFO  (TC_LoginPageTest.java:29) - clicked login button
2023-10-11 11:59:06,289 +0530 [main] INFO  (TC_LoginPageTest.java:36) - passed
2023-10-11 11:59:06,636 +0530 [main] INFO  (TC_LoginPageTest.java:23) - entered username
2023-10-11 11:59:06,776 +0530 [main] INFO  (TC_LoginPageTest.java:26) - entered password
2023-10-11 11:59:06,857 +0530 [main] INFO  (TC_LoginPageTest.java:29) - clicked login button
2023-10-11 11:59:09,892 +0530 [main] INFO  (TC_LoginPageTest.java:36) - passed
2023-10-11 11:59:10,320 +0530 [main] INFO  (TC_LoginPageTest.java:55) - entered username
2023-10-11 11:59:10,458 +0530 [main] INFO  (TC_LoginPageTest.java:58) - entered password
2023-10-11 11:59:10,537 +0530 [main] INFO  (TC_LoginPageTest.java:61) - clicked login button
2023-10-11 11:59:56,115 +0530 [main] INFO  (BaseClass.java:62) - url opened
2023-10-11 11:59:56,253 +0530 [main] INFO  (BaseClass.java:65) - window maximized
2023-10-11 11:59:57,607 +0530 [main] INFO  (TC_LoginPageTest.java:23) - entered username
2023-10-11 11:59:57,774 +0530 [main] INFO  (TC_LoginPageTest.java:26) - entered password
2023-10-11 11:59:57,896 +0530 [main] INFO  (TC_LoginPageTest.java:29) - clicked login button
2023-10-11 12:00:00,955 +0530 [main] INFO  (TC_LoginPageTest.java:36) - passed
2023-10-11 12:00:01,350 +0530 [main] INFO  (TC_LoginPageTest.java:23) - entered username
2023-10-11 12:00:01,498 +0530 [main] INFO  (TC_LoginPageTest.java:26) - entered password
2023-10-11 12:00:01,582 +0530 [main] INFO  (TC_LoginPageTest.java:29) - clicked login button
2023-10-11 12:00:04,624 +0530 [main] INFO  (TC_LoginPageTest.java:36) - passed
2023-10-11 12:00:04,982 +0530 [main] INFO  (TC_LoginPageTest.java:23) - entered username
2023-10-11 12:00:05,122 +0530 [main] INFO  (TC_LoginPageTest.java:26) - entered password
2023-10-11 12:00:05,205 +0530 [main] INFO  (TC_LoginPageTest.java:29) - clicked login button
2023-10-11 12:00:08,251 +0530 [main] INFO  (TC_LoginPageTest.java:36) - passed
2023-10-11 12:01:31,270 +0530 [main] INFO  (BaseClass.java:62) - url opened
2023-10-11 12:01:31,405 +0530 [main] INFO  (BaseClass.java:65) - window maximized
2023-10-11 12:01:32,755 +0530 [main] INFO  (TC_LoginPageTest.java:23) - entered username
2023-10-11 12:01:32,939 +0530 [main] INFO  (TC_LoginPageTest.java:26) - entered password
2023-10-11 12:01:33,054 +0530 [main] INFO  (TC_LoginPageTest.java:29) - clicked login button
2023-10-11 12:01:36,120 +0530 [main] INFO  (TC_LoginPageTest.java:36) - passed
2023-10-11 12:01:36,214 +0530 [main] INFO  (TC_LoginPageTest.java:38) - cleared username
2023-10-11 12:01:39,296 +0530 [main] INFO  (TC_LoginPageTest.java:42) - cleared password
2023-10-11 12:01:42,477 +0530 [main] INFO  (TC_LoginPageTest.java:23) - entered username
2023-10-11 12:01:42,617 +0530 [main] INFO  (TC_LoginPageTest.java:26) - entered password
2023-10-11 12:01:42,699 +0530 [main] INFO  (TC_LoginPageTest.java:29) - clicked login button
2023-10-11 12:01:45,750 +0530 [main] INFO  (TC_LoginPageTest.java:36) - passed
2023-10-11 12:01:45,867 +0530 [main] INFO  (TC_LoginPageTest.java:38) - cleared username
2023-10-11 12:01:49,012 +0530 [main] INFO  (TC_LoginPageTest.java:42) - cleared password
2023-10-11 12:01:52,282 +0530 [main] INFO  (TC_LoginPageTest.java:23) - entered username
2023-10-11 12:01:52,525 +0530 [main] INFO  (TC_LoginPageTest.java:26) - entered password
2023-10-11 12:01:52,672 +0530 [main] INFO  (TC_LoginPageTest.java:29) - clicked login button
2023-10-11 12:01:55,715 +0530 [main] INFO  (TC_LoginPageTest.java:36) - passed
2023-10-11 12:01:55,804 +0530 [main] INFO  (TC_LoginPageTest.java:38) - cleared username
2023-10-11 12:01:58,891 +0530 [main] INFO  (TC_LoginPageTest.java:42) - cleared password
2023-10-11 12:03:33,247 +0530 [main] INFO  (BaseClass.java:62) - url opened
2023-10-11 12:03:33,423 +0530 [main] INFO  (BaseClass.java:65) - window maximized
2023-10-11 12:03:34,824 +0530 [main] INFO  (TC_LoginPageTest.java:23) - entered username
2023-10-11 12:03:34,979 +0530 [main] INFO  (TC_LoginPageTest.java:26) - entered password
2023-10-11 12:03:35,094 +0530 [main] INFO  (TC_LoginPageTest.java:29) - clicked login button
2023-10-11 12:03:38,172 +0530 [main] INFO  (TC_LoginPageTest.java:36) - passed
2023-10-11 12:03:38,293 +0530 [main] INFO  (TC_LoginPageTest.java:38) - cleared username
2023-10-11 12:03:41,381 +0530 [main] INFO  (TC_LoginPageTest.java:42) - cleared password
2023-10-11 12:03:44,567 +0530 [main] INFO  (TC_LoginPageTest.java:23) - entered username
2023-10-11 12:03:44,708 +0530 [main] INFO  (TC_LoginPageTest.java:26) - entered password
2023-10-11 12:03:44,791 +0530 [main] INFO  (TC_LoginPageTest.java:29) - clicked login button
2023-10-11 12:03:47,830 +0530 [main] INFO  (TC_LoginPageTest.java:36) - passed
2023-10-11 12:03:47,904 +0530 [main] INFO  (TC_LoginPageTest.java:38) - cleared username
2023-10-11 12:03:50,995 +0530 [main] INFO  (TC_LoginPageTest.java:42) - cleared password
2023-10-11 12:03:54,510 +0530 [main] INFO  (TC_LoginPageTest.java:23) - entered username
2023-10-11 12:03:54,785 +0530 [main] INFO  (TC_LoginPageTest.java:26) - entered password
2023-10-11 12:03:54,904 +0530 [main] INFO  (TC_LoginPageTest.java:29) - clicked login button
2023-10-11 12:03:58,096 +0530 [main] INFO  (TC_LoginPageTest.java:36) - passed
2023-10-11 12:03:58,288 +0530 [main] INFO  (TC_LoginPageTest.java:38) - cleared username
2023-10-11 12:04:01,541 +0530 [main] INFO  (TC_LoginPageTest.java:42) - cleared password
2023-10-11 12:04:04,829 +0530 [main] INFO  (TC_LoginPageTest.java:59) - cleared username
2023-10-11 12:04:08,076 +0530 [main] INFO  (TC_LoginPageTest.java:62) - cleared password
2023-10-11 12:04:11,274 +0530 [main] INFO  (TC_LoginPageTest.java:65) - entered username
2023-10-11 12:04:11,529 +0530 [main] INFO  (TC_LoginPageTest.java:68) - entered password
2023-10-11 12:04:11,716 +0530 [main] INFO  (TC_LoginPageTest.java:71) - clicked login button
2023-10-11 12:06:19,187 +0530 [main] INFO  (BaseClass.java:62) - url opened
2023-10-11 12:06:19,322 +0530 [main] INFO  (BaseClass.java:65) - window maximized
2023-10-11 12:06:20,676 +0530 [main] INFO  (TC_LoginPageTest.java:23) - entered username
2023-10-11 12:06:20,836 +0530 [main] INFO  (TC_LoginPageTest.java:26) - entered password
2023-10-11 12:06:20,962 +0530 [main] INFO  (TC_LoginPageTest.java:29) - clicked login button
2023-10-11 12:06:24,018 +0530 [main] INFO  (TC_LoginPageTest.java:36) - passed
2023-10-11 12:06:24,104 +0530 [main] INFO  (TC_LoginPageTest.java:38) - cleared username
2023-10-11 12:06:27,178 +0530 [main] INFO  (TC_LoginPageTest.java:42) - cleared password
2023-10-11 12:06:30,483 +0530 [main] INFO  (TC_LoginPageTest.java:23) - entered username
2023-10-11 12:06:30,824 +0530 [main] INFO  (TC_LoginPageTest.java:26) - entered password
2023-10-11 12:06:31,201 +0530 [main] INFO  (TC_LoginPageTest.java:29) - clicked login button
2023-10-11 12:06:34,282 +0530 [main] INFO  (TC_LoginPageTest.java:36) - passed
2023-10-11 12:06:34,416 +0530 [main] INFO  (TC_LoginPageTest.java:38) - cleared username
2023-10-11 12:06:37,524 +0530 [main] INFO  (TC_LoginPageTest.java:42) - cleared password
2023-10-11 12:06:40,855 +0530 [main] INFO  (TC_LoginPageTest.java:23) - entered username
2023-10-11 12:06:41,124 +0530 [main] INFO  (TC_LoginPageTest.java:26) - entered password
2023-10-11 12:06:41,351 +0530 [main] INFO  (TC_LoginPageTest.java:29) - clicked login button
2023-10-11 12:06:44,415 +0530 [main] INFO  (TC_LoginPageTest.java:36) - passed
2023-10-11 12:06:44,556 +0530 [main] INFO  (TC_LoginPageTest.java:38) - cleared username
2023-10-11 12:06:47,688 +0530 [main] INFO  (TC_LoginPageTest.java:42) - cleared password
2023-10-11 12:08:41,599 +0530 [main] INFO  (BaseClass.java:62) - url opened
2023-10-11 12:08:42,164 +0530 [main] INFO  (BaseClass.java:65) - window maximized
2023-10-11 12:08:52,023 +0530 [main] INFO  (TC_LoginPageTest.java:23) - entered username
2023-10-11 12:08:52,178 +0530 [main] INFO  (TC_LoginPageTest.java:26) - entered password
2023-10-11 12:08:52,386 +0530 [main] INFO  (TC_LoginPageTest.java:29) - clicked login button
2023-10-11 12:08:55,547 +0530 [main] INFO  (TC_LoginPageTest.java:36) - passed
2023-10-11 12:08:55,680 +0530 [main] INFO  (TC_LoginPageTest.java:38) - cleared username
2023-10-11 12:08:58,758 +0530 [main] INFO  (TC_LoginPageTest.java:42) - cleared password
2023-10-11 12:09:01,950 +0530 [main] INFO  (TC_LoginPageTest.java:23) - entered username
2023-10-11 12:09:02,095 +0530 [main] INFO  (TC_LoginPageTest.java:26) - entered password
2023-10-11 12:09:02,191 +0530 [main] INFO  (TC_LoginPageTest.java:29) - clicked login button
2023-10-11 12:09:05,227 +0530 [main] INFO  (TC_LoginPageTest.java:36) - passed
2023-10-11 12:09:05,307 +0530 [main] INFO  (TC_LoginPageTest.java:38) - cleared username
2023-10-11 12:09:08,395 +0530 [main] INFO  (TC_LoginPageTest.java:42) - cleared password
2023-10-11 12:09:11,630 +0530 [main] INFO  (TC_LoginPageTest.java:23) - entered username
2023-10-11 12:09:11,791 +0530 [main] INFO  (TC_LoginPageTest.java:26) - entered password
2023-10-11 12:09:11,879 +0530 [main] INFO  (TC_LoginPageTest.java:29) - clicked login button
2023-10-11 12:09:14,914 +0530 [main] INFO  (TC_LoginPageTest.java:36) - passed
2023-10-11 12:09:14,998 +0530 [main] INFO  (TC_LoginPageTest.java:38) - cleared username
2023-10-11 12:09:18,073 +0530 [main] INFO  (TC_LoginPageTest.java:42) - cleared password
2023-10-11 12:09:21,154 +0530 [main] INFO  (TC_LoginPageTest.java:59) - cleared username
2023-10-11 12:09:24,254 +0530 [main] INFO  (TC_LoginPageTest.java:62) - cleared password
2023-10-11 12:09:27,492 +0530 [main] INFO  (TC_LoginPageTest.java:65) - entered username
2023-10-11 12:09:27,701 +0530 [main] INFO  (TC_LoginPageTest.java:68) - entered password
2023-10-11 12:09:27,812 +0530 [main] INFO  (TC_LoginPageTest.java:71) - clicked login button
2023-10-11 12:16:50,506 +0530 [main] INFO  (BaseClass.java:62) - url opened
2023-10-11 12:16:50,697 +0530 [main] INFO  (BaseClass.java:65) - window maximized
2023-10-11 12:16:50,992 +0530 [main] INFO  (TC_ProductPageTest.java:17) - entered username
2023-10-11 12:16:51,152 +0530 [main] INFO  (TC_ProductPageTest.java:20) - entered password
2023-10-11 12:16:52,028 +0530 [main] INFO  (TC_ProductPageTest.java:23) - clicked login button
2023-10-11 12:16:55,128 +0530 [main] INFO  (TC_ProductPageTest.java:28) - passed
2023-10-11 12:16:55,238 +0530 [main] INFO  (TC_ProductPageTest.java:36) - clicked add to cart button
2023-10-11 12:16:58,591 +0530 [main] INFO  (TC_ProductPageTest.java:40) - clicked cart button
2023-10-11 12:17:01,646 +0530 [main] INFO  (TC_ProductPageTest.java:43) - passed
2023-10-11 12:17:01,978 +0530 [main] INFO  (TC_ProductPageTest.java:46) - clicked checkout button
2023-10-11 12:17:05,022 +0530 [main] INFO  (TC_ProductPageTest.java:49) - passed
2023-10-11 12:27:33,149 +0530 [main] INFO  (BaseClass.java:62) - url opened
2023-10-11 12:27:34,024 +0530 [main] INFO  (BaseClass.java:65) - window maximized
2023-10-11 12:27:35,279 +0530 [main] INFO  (TC_InformationPageTest.java:18) - entered username
2023-10-11 12:27:35,543 +0530 [main] INFO  (TC_InformationPageTest.java:21) - entered password
2023-10-11 12:27:36,630 +0530 [main] INFO  (TC_InformationPageTest.java:24) - clicked login button
2023-10-11 12:27:39,897 +0530 [main] INFO  (TC_InformationPageTest.java:29) - passed
2023-10-11 12:30:02,161 +0530 [main] INFO  (BaseClass.java:62) - url opened
2023-10-11 12:30:02,305 +0530 [main] INFO  (BaseClass.java:65) - window maximized
2023-10-11 12:30:02,672 +0530 [main] INFO  (TC_InformationPageTest.java:18) - entered username
2023-10-11 12:30:02,826 +0530 [main] INFO  (TC_InformationPageTest.java:21) - entered password
2023-10-11 12:30:04,407 +0530 [main] INFO  (TC_InformationPageTest.java:24) - clicked login button
2023-10-11 12:30:07,499 +0530 [main] INFO  (TC_InformationPageTest.java:29) - passed
2023-10-11 12:30:07,602 +0530 [main] INFO  (TC_InformationPageTest.java:37) - clicked add to cart button
2023-10-11 12:30:11,190 +0530 [main] INFO  (TC_InformationPageTest.java:41) - clicked cart button
2023-10-11 12:30:14,248 +0530 [main] INFO  (TC_InformationPageTest.java:44) - passed
2023-10-11 12:30:14,658 +0530 [main] INFO  (TC_InformationPageTest.java:47) - clicked checkout button
2023-10-11 12:30:17,706 +0530 [main] INFO  (TC_InformationPageTest.java:50) - passed
2023-10-11 12:30:17,844 +0530 [main] INFO  (TC_InformationPageTest.java:59) - entered firstname
2023-10-11 12:30:17,996 +0530 [main] INFO  (TC_InformationPageTest.java:61) - entered lastname
2023-10-11 12:30:18,158 +0530 [main] INFO  (TC_InformationPageTest.java:63) - entered postalcode
2023-10-11 12:30:19,101 +0530 [main] INFO  (TC_InformationPageTest.java:65) - clicked button
2023-10-11 12:30:22,217 +0530 [main] INFO  (TC_InformationPageTest.java:70) - clicked button
2023-10-11 12:30:22,475 +0530 [main] INFO  (TC_InformationPageTest.java:72) - clicked logoutbutton
2023-10-11 12:33:03,239 +0530 [main] INFO  (BaseClass.java:62) - url opened
2023-10-11 12:33:03,382 +0530 [main] INFO  (BaseClass.java:65) - window maximized
2023-10-11 12:33:03,661 +0530 [main] INFO  (TC_InformationPageTest.java:18) - entered username
2023-10-11 12:33:03,809 +0530 [main] INFO  (TC_InformationPageTest.java:21) - entered password
2023-10-11 12:33:04,676 +0530 [main] INFO  (TC_InformationPageTest.java:24) - clicked login button
2023-10-11 12:33:07,765 +0530 [main] INFO  (TC_InformationPageTest.java:29) - passed
2023-10-11 12:33:07,873 +0530 [main] INFO  (TC_InformationPageTest.java:37) - clicked add to cart button
2023-10-11 12:33:11,174 +0530 [main] INFO  (TC_InformationPageTest.java:41) - clicked cart button
2023-10-11 12:33:14,274 +0530 [main] INFO  (TC_InformationPageTest.java:44) - passed
2023-10-11 12:33:14,905 +0530 [main] INFO  (TC_InformationPageTest.java:47) - clicked checkout button
2023-10-11 12:33:18,278 +0530 [main] INFO  (TC_InformationPageTest.java:50) - passed
2023-10-11 12:33:18,555 +0530 [main] INFO  (TC_InformationPageTest.java:59) - entered firstname
2023-10-11 12:33:18,750 +0530 [main] INFO  (TC_InformationPageTest.java:61) - entered lastname
2023-10-11 12:33:18,949 +0530 [main] INFO  (TC_InformationPageTest.java:63) - entered postalcode
2023-10-11 12:33:22,312 +0530 [main] INFO  (TC_InformationPageTest.java:65) - clicked button
2023-10-11 12:33:25,460 +0530 [main] INFO  (TC_InformationPageTest.java:70) - clicked button
2023-10-11 12:33:26,027 +0530 [main] INFO  (TC_InformationPageTest.java:72) - clicked logoutbutton
2023-10-11 12:34:05,280 +0530 [main] INFO  (BaseClass.java:62) - url opened
2023-10-11 12:34:05,632 +0530 [main] INFO  (BaseClass.java:65) - window maximized
2023-10-11 12:34:07,039 +0530 [main] INFO  (TC_InformationPageTest.java:18) - entered username
2023-10-11 12:34:07,202 +0530 [main] INFO  (TC_InformationPageTest.java:21) - entered password
2023-10-11 12:34:12,595 +0530 [main] INFO  (TC_InformationPageTest.java:24) - clicked login button
2023-10-11 12:34:17,195 +0530 [main] INFO  (TC_InformationPageTest.java:29) - passed
2023-10-11 12:34:17,872 +0530 [main] INFO  (TC_InformationPageTest.java:37) - clicked add to cart button
2023-10-11 12:34:21,385 +0530 [main] INFO  (TC_InformationPageTest.java:41) - clicked cart button
2023-10-11 12:34:24,442 +0530 [main] INFO  (TC_InformationPageTest.java:44) - passed
2023-10-11 12:34:24,897 +0530 [main] INFO  (TC_InformationPageTest.java:47) - clicked checkout button
2023-10-11 12:34:27,966 +0530 [main] INFO  (TC_InformationPageTest.java:50) - passed
2023-10-11 12:34:28,158 +0530 [main] INFO  (TC_InformationPageTest.java:59) - entered firstname
2023-10-11 12:34:28,363 +0530 [main] INFO  (TC_InformationPageTest.java:61) - entered lastname
2023-10-11 12:34:28,530 +0530 [main] INFO  (TC_InformationPageTest.java:63) - entered postalcode
2023-10-11 12:34:29,403 +0530 [main] INFO  (TC_InformationPageTest.java:65) - clicked button
2023-10-11 12:34:32,517 +0530 [main] INFO  (TC_InformationPageTest.java:70) - clicked button
2023-10-11 12:34:32,950 +0530 [main] INFO  (TC_InformationPageTest.java:72) - clicked logoutbutton
2023-10-11 12:44:01,562 +0530 [main] INFO  (BaseClass.java:62) - url opened
2023-10-11 12:44:01,773 +0530 [main] INFO  (BaseClass.java:65) - window maximized
2023-10-11 12:44:08,407 +0530 [main] INFO  (TC_LoginPageTest.java:23) - entered username
2023-10-11 12:44:08,782 +0530 [main] INFO  (TC_LoginPageTest.java:26) - entered password
2023-10-11 12:44:09,414 +0530 [main] INFO  (TC_LoginPageTest.java:29) - clicked login button
2023-10-11 12:44:13,615 +0530 [main] INFO  (TC_LoginPageTest.java:36) - passed
2023-10-11 12:44:13,769 +0530 [main] INFO  (TC_LoginPageTest.java:38) - cleared username
2023-10-11 12:44:16,857 +0530 [main] INFO  (TC_LoginPageTest.java:42) - cleared password
2023-10-11 12:44:20,061 +0530 [main] INFO  (TC_LoginPageTest.java:23) - entered username
2023-10-11 12:44:20,216 +0530 [main] INFO  (TC_LoginPageTest.java:26) - entered password
2023-10-11 12:44:20,325 +0530 [main] INFO  (TC_LoginPageTest.java:29) - clicked login button
2023-10-11 12:44:23,374 +0530 [main] INFO  (TC_LoginPageTest.java:36) - passed
2023-10-11 12:44:23,457 +0530 [main] INFO  (TC_LoginPageTest.java:38) - cleared username
2023-10-11 12:44:26,544 +0530 [main] INFO  (TC_LoginPageTest.java:42) - cleared password
2023-10-11 12:44:29,785 +0530 [main] INFO  (TC_LoginPageTest.java:23) - entered username
2023-10-11 12:44:29,974 +0530 [main] INFO  (TC_LoginPageTest.java:26) - entered password
2023-10-11 12:44:30,114 +0530 [main] INFO  (TC_LoginPageTest.java:29) - clicked login button
2023-10-11 12:44:33,167 +0530 [main] INFO  (TC_LoginPageTest.java:36) - passed
2023-10-11 12:44:33,251 +0530 [main] INFO  (TC_LoginPageTest.java:38) - cleared username
2023-10-11 12:44:36,328 +0530 [main] INFO  (TC_LoginPageTest.java:42) - cleared password
2023-10-11 12:44:54,455 +0530 [main] INFO  (BaseClass.java:62) - url opened
2023-10-11 12:44:55,523 +0530 [main] INFO  (BaseClass.java:65) - window maximized
2023-10-11 12:44:55,919 +0530 [main] INFO  (TC_ProductPageTest.java:17) - entered username
2023-10-11 12:44:56,104 +0530 [main] INFO  (TC_ProductPageTest.java:20) - entered password
2023-10-11 12:44:57,162 +0530 [main] INFO  (TC_ProductPageTest.java:23) - clicked login button
2023-10-11 12:45:00,462 +0530 [main] INFO  (TC_ProductPageTest.java:28) - passed
2023-10-11 12:45:00,705 +0530 [main] INFO  (TC_ProductPageTest.java:36) - clicked add to cart button
2023-10-11 12:45:04,470 +0530 [main] INFO  (TC_ProductPageTest.java:40) - clicked cart button
2023-10-11 12:45:07,532 +0530 [main] INFO  (TC_ProductPageTest.java:43) - passed
2023-10-11 12:45:08,036 +0530 [main] INFO  (TC_ProductPageTest.java:46) - clicked checkout button
2023-10-11 12:45:11,112 +0530 [main] INFO  (TC_ProductPageTest.java:49) - passed
2023-10-11 12:45:18,587 +0530 [main] INFO  (BaseClass.java:62) - url opened
2023-10-11 12:45:18,718 +0530 [main] INFO  (BaseClass.java:65) - window maximized
2023-10-11 12:48:32,352 +0530 [main] INFO  (BaseClass.java:64) - url opened
2023-10-11 12:48:32,576 +0530 [main] INFO  (BaseClass.java:67) - window maximized
2023-10-11 12:48:35,463 +0530 [main] INFO  (TC_LoginPageTest.java:23) - entered username
2023-10-11 12:48:35,846 +0530 [main] INFO  (TC_LoginPageTest.java:26) - entered password
2023-10-11 12:48:36,532 +0530 [main] INFO  (TC_LoginPageTest.java:29) - clicked login button
2023-10-11 12:48:41,429 +0530 [main] INFO  (TC_LoginPageTest.java:36) - passed
2023-10-11 12:48:41,848 +0530 [main] INFO  (TC_LoginPageTest.java:38) - cleared username
2023-10-11 12:48:44,925 +0530 [main] INFO  (TC_LoginPageTest.java:42) - cleared password
2023-10-11 12:48:57,206 +0530 [main] INFO  (BaseClass.java:64) - url opened
2023-10-11 12:48:57,412 +0530 [main] INFO  (BaseClass.java:67) - window maximized
2023-10-11 12:48:57,679 +0530 [main] INFO  (TC_LoginPageTest.java:23) - entered username
2023-10-11 12:48:57,880 +0530 [main] INFO  (TC_LoginPageTest.java:26) - entered password
2023-10-11 12:48:58,007 +0530 [main] INFO  (TC_LoginPageTest.java:29) - clicked login button
2023-10-11 12:49:01,064 +0530 [main] INFO  (TC_LoginPageTest.java:36) - passed
2023-10-11 12:49:01,155 +0530 [main] INFO  (TC_LoginPageTest.java:38) - cleared username
2023-10-11 12:49:04,245 +0530 [main] INFO  (TC_LoginPageTest.java:42) - cleared password
2023-10-11 12:49:16,874 +0530 [main] INFO  (BaseClass.java:64) - url opened
2023-10-11 12:49:17,009 +0530 [main] INFO  (BaseClass.java:67) - window maximized
2023-10-11 12:49:17,297 +0530 [main] INFO  (TC_LoginPageTest.java:23) - entered username
2023-10-11 12:49:17,460 +0530 [main] INFO  (TC_LoginPageTest.java:26) - entered password
2023-10-11 12:49:17,582 +0530 [main] INFO  (TC_LoginPageTest.java:29) - clicked login button
2023-10-11 12:49:20,676 +0530 [main] INFO  (TC_LoginPageTest.java:36) - passed
2023-10-11 12:49:20,766 +0530 [main] INFO  (TC_LoginPageTest.java:38) - cleared username
2023-10-11 12:49:23,849 +0530 [main] INFO  (TC_LoginPageTest.java:42) - cleared password
2023-10-11 12:49:32,756 +0530 [main] INFO  (BaseClass.java:64) - url opened
2023-10-11 12:49:32,886 +0530 [main] INFO  (BaseClass.java:67) - window maximized
2023-10-11 12:49:33,139 +0530 [main] INFO  (TC_ProductPageTest.java:17) - entered username
2023-10-11 12:49:33,314 +0530 [main] INFO  (TC_ProductPageTest.java:20) - entered password
2023-10-11 12:49:35,059 +0530 [main] INFO  (TC_ProductPageTest.java:23) - clicked login button
2023-10-11 12:49:38,403 +0530 [main] INFO  (TC_ProductPageTest.java:28) - passed
2023-10-11 12:49:44,913 +0530 [main] INFO  (BaseClass.java:64) - url opened
2023-10-11 12:49:45,056 +0530 [main] INFO  (BaseClass.java:67) - window maximized
2023-10-11 12:50:01,608 +0530 [main] INFO  (BaseClass.java:64) - url opened
2023-10-11 12:50:01,746 +0530 [main] INFO  (BaseClass.java:67) - window maximized
2023-10-11 12:54:58,549 +0530 [main] INFO  (BaseClass.java:63) - url opened
2023-10-11 12:54:58,688 +0530 [main] INFO  (BaseClass.java:66) - window maximized
2023-10-11 12:55:00,965 +0530 [main] INFO  (TC_LoginPageTest.java:23) - entered username
2023-10-11 12:55:01,119 +0530 [main] INFO  (TC_LoginPageTest.java:26) - entered password
2023-10-11 12:55:01,251 +0530 [main] INFO  (TC_LoginPageTest.java:29) - clicked login button
2023-10-11 12:55:04,318 +0530 [main] INFO  (TC_LoginPageTest.java:36) - passed
2023-10-11 12:55:04,412 +0530 [main] INFO  (TC_LoginPageTest.java:38) - cleared username
2023-10-11 12:55:07,505 +0530 [main] INFO  (TC_LoginPageTest.java:42) - cleared password
2023-10-11 12:55:10,710 +0530 [main] INFO  (TC_LoginPageTest.java:23) - entered username
2023-10-11 12:55:10,855 +0530 [main] INFO  (TC_LoginPageTest.java:26) - entered password
2023-10-11 12:55:10,938 +0530 [main] INFO  (TC_LoginPageTest.java:29) - clicked login button
2023-10-11 12:55:13,983 +0530 [main] INFO  (TC_LoginPageTest.java:36) - passed
2023-10-11 12:55:14,058 +0530 [main] INFO  (TC_LoginPageTest.java:38) - cleared username
2023-10-11 12:55:17,224 +0530 [main] INFO  (TC_LoginPageTest.java:42) - cleared password
2023-10-11 12:55:20,477 +0530 [main] INFO  (TC_LoginPageTest.java:23) - entered username
2023-10-11 12:55:20,650 +0530 [main] INFO  (TC_LoginPageTest.java:26) - entered password
2023-10-11 12:55:20,747 +0530 [main] INFO  (TC_LoginPageTest.java:29) - clicked login button
2023-10-11 12:55:23,791 +0530 [main] INFO  (TC_LoginPageTest.java:36) - passed
2023-10-11 12:55:23,879 +0530 [main] INFO  (TC_LoginPageTest.java:38) - cleared username
2023-10-11 12:55:26,957 +0530 [main] INFO  (TC_LoginPageTest.java:42) - cleared password
2023-10-11 12:55:37,787 +0530 [main] INFO  (BaseClass.java:63) - url opened
2023-10-11 12:55:37,921 +0530 [main] INFO  (BaseClass.java:66) - window maximized
2023-10-11 12:55:48,301 +0530 [main] INFO  (TC_ProductPageTest.java:18) - entered username
2023-10-11 12:55:48,449 +0530 [main] INFO  (TC_ProductPageTest.java:21) - entered password
2023-10-11 12:55:49,704 +0530 [main] INFO  (TC_ProductPageTest.java:24) - clicked login button
2023-10-11 12:55:52,841 +0530 [main] INFO  (TC_ProductPageTest.java:29) - passed
2023-10-11 12:55:53,167 +0530 [main] INFO  (TC_ProductPageTest.java:37) - clicked add to cart button
2023-10-11 12:55:56,452 +0530 [main] INFO  (TC_ProductPageTest.java:41) - clicked cart button
2023-10-11 12:55:59,536 +0530 [main] INFO  (TC_ProductPageTest.java:44) - passed
2023-10-11 12:56:00,203 +0530 [main] INFO  (TC_ProductPageTest.java:47) - clicked checkout button
2023-10-11 12:56:03,259 +0530 [main] INFO  (TC_ProductPageTest.java:50) - passed
2023-10-11 12:57:25,225 +0530 [main] INFO  (BaseClass.java:63) - url opened
2023-10-11 12:57:25,363 +0530 [main] INFO  (BaseClass.java:66) - window maximized
2023-10-11 12:57:26,726 +0530 [main] INFO  (TC_LoginPageTest.java:23) - entered username
2023-10-11 12:57:26,891 +0530 [main] INFO  (TC_LoginPageTest.java:26) - entered password
2023-10-11 12:57:27,004 +0530 [main] INFO  (TC_LoginPageTest.java:29) - clicked login button
2023-10-11 12:57:30,061 +0530 [main] INFO  (TC_LoginPageTest.java:36) - passed
2023-10-11 12:57:30,143 +0530 [main] INFO  (TC_LoginPageTest.java:38) - cleared username
2023-10-11 12:57:33,225 +0530 [main] INFO  (TC_LoginPageTest.java:42) - cleared password
2023-10-11 12:57:36,400 +0530 [main] INFO  (TC_LoginPageTest.java:23) - entered username
2023-10-11 12:57:36,535 +0530 [main] INFO  (TC_LoginPageTest.java:26) - entered password
2023-10-11 12:57:36,615 +0530 [main] INFO  (TC_LoginPageTest.java:29) - clicked login button
2023-10-11 12:57:39,663 +0530 [main] INFO  (TC_LoginPageTest.java:36) - passed
2023-10-11 12:57:39,737 +0530 [main] INFO  (TC_LoginPageTest.java:38) - cleared username
2023-10-11 12:57:42,829 +0530 [main] INFO  (TC_LoginPageTest.java:42) - cleared password
2023-10-11 12:57:46,139 +0530 [main] INFO  (TC_LoginPageTest.java:23) - entered username
2023-10-11 12:57:46,344 +0530 [main] INFO  (TC_LoginPageTest.java:26) - entered password
2023-10-11 12:57:46,447 +0530 [main] INFO  (TC_LoginPageTest.java:29) - clicked login button
2023-10-11 12:57:49,484 +0530 [main] INFO  (TC_LoginPageTest.java:36) - passed
2023-10-11 12:57:49,555 +0530 [main] INFO  (TC_LoginPageTest.java:38) - cleared username
2023-10-11 12:57:52,630 +0530 [main] INFO  (TC_LoginPageTest.java:42) - cleared password
2023-10-11 12:58:01,868 +0530 [main] INFO  (BaseClass.java:63) - url opened
2023-10-11 12:58:02,001 +0530 [main] INFO  (BaseClass.java:66) - window maximized
2023-10-11 12:58:02,215 +0530 [main] INFO  (TC_ProductPageTest.java:18) - entered username
2023-10-11 12:58:02,359 +0530 [main] INFO  (TC_ProductPageTest.java:21) - entered password
2023-10-11 12:58:03,714 +0530 [main] INFO  (TC_ProductPageTest.java:24) - clicked login button
2023-10-11 12:58:06,792 +0530 [main] INFO  (TC_ProductPageTest.java:29) - passed
2023-10-11 12:58:06,899 +0530 [main] INFO  (TC_ProductPageTest.java:37) - clicked add to cart button
2023-10-11 12:58:10,236 +0530 [main] INFO  (TC_ProductPageTest.java:41) - clicked cart button
2023-10-11 12:58:13,290 +0530 [main] INFO  (TC_ProductPageTest.java:44) - passed
2023-10-11 12:58:13,668 +0530 [main] INFO  (TC_ProductPageTest.java:47) - clicked checkout button
2023-10-11 12:58:16,712 +0530 [main] INFO  (TC_ProductPageTest.java:50) - passed
2023-10-11 12:58:16,852 +0530 [main] INFO  (TC_ProductPageTest.java:59) - entered firstname
2023-10-11 12:58:17,046 +0530 [main] INFO  (TC_ProductPageTest.java:61) - entered lastname
2023-10-11 12:58:17,185 +0530 [main] INFO  (TC_ProductPageTest.java:63) - entered postalcode
2023-10-11 12:58:17,863 +0530 [main] INFO  (TC_ProductPageTest.java:65) - clicked button
2023-10-11 12:58:20,953 +0530 [main] INFO  (TC_ProductPageTest.java:70) - clicked button
2023-10-11 12:58:21,288 +0530 [main] INFO  (TC_ProductPageTest.java:72) - clicked logoutbutton
2023-10-11 13:01:56,132 +0530 [main] INFO  (BaseClass.java:63) - url opened
2023-10-11 13:01:56,293 +0530 [main] INFO  (BaseClass.java:66) - window maximized
2023-10-11 13:01:57,670 +0530 [main] INFO  (TC_LoginPageTest.java:23) - entered username
2023-10-11 13:01:57,843 +0530 [main] INFO  (TC_LoginPageTest.java:26) - entered password
2023-10-11 13:01:57,960 +0530 [main] INFO  (TC_LoginPageTest.java:29) - clicked login button
2023-10-11 13:02:01,023 +0530 [main] INFO  (TC_LoginPageTest.java:36) - passed
2023-10-11 13:02:01,108 +0530 [main] INFO  (TC_LoginPageTest.java:38) - cleared username
2023-10-11 13:02:04,190 +0530 [main] INFO  (TC_LoginPageTest.java:42) - cleared password
2023-10-11 13:02:07,372 +0530 [main] INFO  (TC_LoginPageTest.java:23) - entered username
2023-10-11 13:02:07,522 +0530 [main] INFO  (TC_LoginPageTest.java:26) - entered password
2023-10-11 13:02:07,606 +0530 [main] INFO  (TC_LoginPageTest.java:29) - clicked login button
2023-10-11 13:02:10,652 +0530 [main] INFO  (TC_LoginPageTest.java:36) - passed
2023-10-11 13:02:10,722 +0530 [main] INFO  (TC_LoginPageTest.java:38) - cleared username
2023-10-11 13:02:13,800 +0530 [main] INFO  (TC_LoginPageTest.java:42) - cleared password
2023-10-11 13:02:17,032 +0530 [main] INFO  (TC_LoginPageTest.java:23) - entered username
2023-10-11 13:02:17,174 +0530 [main] INFO  (TC_LoginPageTest.java:26) - entered password
2023-10-11 13:02:17,283 +0530 [main] INFO  (TC_LoginPageTest.java:29) - clicked login button
2023-10-11 13:02:20,332 +0530 [main] INFO  (TC_LoginPageTest.java:36) - passed
2023-10-11 13:02:20,420 +0530 [main] INFO  (TC_LoginPageTest.java:38) - cleared username
2023-10-11 13:02:23,519 +0530 [main] INFO  (TC_LoginPageTest.java:42) - cleared password
2023-10-11 13:02:32,748 +0530 [main] INFO  (BaseClass.java:63) - url opened
2023-10-11 13:02:32,935 +0530 [main] INFO  (BaseClass.java:66) - window maximized
2023-10-11 13:02:33,191 +0530 [main] INFO  (TC_ProductPageTest.java:18) - entered username
2023-10-11 13:02:33,373 +0530 [main] INFO  (TC_ProductPageTest.java:21) - entered password
2023-10-11 13:02:34,655 +0530 [main] INFO  (TC_ProductPageTest.java:24) - clicked login button
2023-10-11 13:02:37,757 +0530 [main] INFO  (TC_ProductPageTest.java:29) - passed
2023-10-11 13:02:37,880 +0530 [main] INFO  (TC_ProductPageTest.java:37) - clicked add to cart button
2023-10-11 13:02:41,268 +0530 [main] INFO  (TC_ProductPageTest.java:41) - clicked cart button
2023-10-11 13:02:44,335 +0530 [main] INFO  (TC_ProductPageTest.java:44) - passed
2023-10-11 13:02:44,679 +0530 [main] INFO  (TC_ProductPageTest.java:47) - clicked checkout button
2023-10-11 13:02:47,724 +0530 [main] INFO  (TC_ProductPageTest.java:50) - passed
2023-10-11 13:02:47,868 +0530 [main] INFO  (TC_ProductPageTest.java:59) - entered firstname
2023-10-11 13:02:48,000 +0530 [main] INFO  (TC_ProductPageTest.java:61) - entered lastname
2023-10-11 13:02:48,166 +0530 [main] INFO  (TC_ProductPageTest.java:63) - entered postalcode
2023-10-11 13:02:48,596 +0530 [main] INFO  (TC_ProductPageTest.java:65) - clicked button
2023-10-11 13:02:51,693 +0530 [main] INFO  (TC_ProductPageTest.java:70) - clicked button
2023-10-11 13:02:52,027 +0530 [main] INFO  (TC_ProductPageTest.java:72) - clicked logoutbutton
